d:\texturecoordconvert\texturecoordconvert\debug\vc120.pdb
d:\texturecoordconvert\texturecoordconvert\debug\qrc_texturecoordconvert.obj
d:\texturecoordconvert\texturecoordconvert\debug\main.obj
d:\texturecoordconvert\texturecoordconvert\debug\texturecoordconvert.obj
d:\texturecoordconvert\texturecoordconvert\debug\moc_texturecoordconvert.obj
d:\texturecoordconvert\texturecoordconvert\generatedfiles\qrc_texturecoordconvert.cpp
d:\texturecoordconvert\texturecoordconvert\generatedfiles\ui_texturecoordconvert.h
d:\texturecoordconvert\texturecoordconvert\generatedfiles\debug\moc_texturecoordconvert.cpp
d:\texturecoordconvert\win32\debug\texturecoordconvert.ilk
d:\texturecoordconvert\win32\debug\texturecoordconvert.exe
d:\texturecoordconvert\win32\debug\texturecoordconvert.pdb
d:\texturecoordconvert\texturecoordconvert\debug\texturec.b12702ad.tlog\cl.command.1.tlog
d:\texturecoordconvert\texturecoordconvert\debug\texturec.b12702ad.tlog\cl.read.1.tlog
d:\texturecoordconvert\texturecoordconvert\debug\texturec.b12702ad.tlog\cl.write.1.tlog
d:\texturecoordconvert\texturecoordconvert\debug\texturec.b12702ad.tlog\custombuild.command.1.tlog
d:\texturecoordconvert\texturecoordconvert\debug\texturec.b12702ad.tlog\custombuild.read.1.tlog
d:\texturecoordconvert\texturecoordconvert\debug\texturec.b12702ad.tlog\custombuild.write.1.tlog
d:\texturecoordconvert\texturecoordconvert\debug\texturec.b12702ad.tlog\link.command.1.tlog
d:\texturecoordconvert\texturecoordconvert\debug\texturec.b12702ad.tlog\link.read.1.tlog
d:\texturecoordconvert\texturecoordconvert\debug\texturec.b12702ad.tlog\link.write.1.tlog
